Apr-27 23:15:52.879 [main] DEBUG nextflow.cli.Launcher - $> nextflow run main.nf -c nextflow.config --inputFile work/1_024_O.fastq -resume
Apr-27 23:15:53.054 [main] DEBUG nextflow.cli.CmdRun - N E X T F L O W  ~  version 25.10.4
Apr-27 23:15:53.086 [main] DEBUG nextflow.plugin.PluginsFacade - Setting up plugin manager > mode=prod; embedded=false; plugins-dir=/home/robs/.nextflow/plugins; core-plugins: nf-amazon@3.4.4,nf-azure@1.20.2,nf-cloudcache@0.5.0,nf-codecommit@0.5.0,nf-console@1.3.0,nf-google@1.23.5,nf-k8s@1.2.2,nf-tower@1.17.5,nf-wave@1.16.1
Apr-27 23:15:53.122 [main] INFO  o.pf4j.DefaultPluginStatusProvider - Enabled plugins: []
Apr-27 23:15:53.123 [main] INFO  o.pf4j.DefaultPluginStatusProvider - Disabled plugins: []
Apr-27 23:15:53.127 [main] INFO  org.pf4j.DefaultPluginManager - PF4J version 3.12.0 in 'deployment' mode
Apr-27 23:15:53.148 [main] DEBUG nextflow.util.RetryConfig - Missing nextflow session - using default retry config
Apr-27 23:15:53.350 [main] INFO  org.pf4j.AbstractPluginManager - No plugins
Apr-27 23:15:53.385 [main] DEBUG nextflow.config.ConfigBuilder - Found config local: /var/home/robs/project_VEO/nextflow.config
Apr-27 23:15:53.389 [main] DEBUG nextflow.config.ConfigBuilder - User config file: /var/home/robs/project_VEO/nextflow.config
Apr-27 23:15:53.392 [main] DEBUG nextflow.config.ConfigBuilder - Parsing config file: /var/home/robs/project_VEO/nextflow.config
Apr-27 23:15:53.393 [main] DEBUG nextflow.config.ConfigBuilder - Parsing config file: /var/home/robs/project_VEO/nextflow.config
Apr-27 23:15:53.428 [main] DEBUG nextflow.config.ConfigBuilder - Applying config profile: `standard`
Apr-27 23:15:54.003 [main] DEBUG nextflow.config.ConfigBuilder - Applying config profile: `standard`
Apr-27 23:15:54.054 [main] DEBUG nextflow.plugin.PluginsFacade - Plugins default=[]
Apr-27 23:15:54.055 [main] DEBUG nextflow.plugin.PluginsFacade - Plugins resolved requirement=[]
Apr-27 23:15:54.073 [main] DEBUG n.secret.LocalSecretsProvider - Secrets store: /home/robs/.nextflow/secrets/store.json
Apr-27 23:15:54.077 [main] DEBUG nextflow.secret.SecretsLoader - Discovered secrets providers: [nextflow.secret.LocalSecretsProvider@52bf7bf6] - activable => nextflow.secret.LocalSecretsProvider@52bf7bf6
Apr-27 23:15:54.082 [main] DEBUG nextflow.cli.CmdRun - Applied DSL=2 by global default
Apr-27 23:15:54.102 [main] DEBUG nextflow.cli.CmdRun - Launching `main.nf` [pensive_einstein] DSL2 - revision: 9b2b9b50bb
Apr-27 23:15:54.193 [main] DEBUG nextflow.Session - Session UUID: 67fe8d17-96d7-4156-969b-b83db6b87673
Apr-27 23:15:54.194 [main] DEBUG nextflow.Session - Run name: pensive_einstein
Apr-27 23:15:54.195 [main] DEBUG nextflow.Session - Executor pool size: 8
Apr-27 23:15:54.211 [main] DEBUG nextflow.file.FilePorter - File porter settings maxRetries=3; maxTransfers=50; pollTimeout=null
Apr-27 23:15:54.221 [main] DEBUG nextflow.util.ThreadPoolBuilder - Creating thread pool 'FileTransfer' minSize=10; maxSize=24; workQueue=LinkedBlockingQueue[-1]; allowCoreThreadTimeout=false
Apr-27 23:15:54.257 [main] DEBUG nextflow.cli.CmdRun - 
  Version: 25.10.4 build 11173
  Created: 10-02-2026 15:17 UTC (16:17 CEST)
  System: Linux 6.19.10-200.fc43.x86_64
  Runtime: Groovy 4.0.28 on OpenJDK 64-Bit Server VM 23.0.2-internal-adhoc.conda.src
  Encoding: UTF-8 (UTF-8)
  Process: 97958@toolbx [192.168.178.93]
  CPUs: 8 - Mem: 15.4 GB (3.2 GB) - Swap: 8 GB (8 GB)
Apr-27 23:15:54.316 [main] DEBUG nextflow.Session - Work-dir: /var/home/robs/project_VEO/work [btrfs]
Apr-27 23:15:54.317 [main] DEBUG nextflow.Session - Script base path does not exist or is not a directory: /var/home/robs/project_VEO/bin
Apr-27 23:15:54.328 [main] DEBUG nextflow.executor.ExecutorFactory - Extension executors providers=[]
Apr-27 23:15:54.342 [main] DEBUG nextflow.Session - Observer factory (v2): LinObserverFactory
Apr-27 23:15:54.347 [main] DEBUG nextflow.Session - Observer factory (v2): DefaultObserverFactory
Apr-27 23:15:54.404 [main] DEBUG nextflow.cache.CacheFactory - Using Nextflow cache factory: nextflow.cache.DefaultCacheFactory
Apr-27 23:15:54.416 [main] DEBUG nextflow.util.CustomThreadPool - Creating default thread pool > poolSize: 9; maxThreads: 1000
Apr-27 23:15:54.504 [main] DEBUG nextflow.Session - Session start
Apr-27 23:15:55.077 [main] DEBUG nextflow.script.ScriptRunner - > Launching execution
Apr-27 23:15:55.245 [main] DEBUG nextflow.executor.ExecutorFactory - << taskConfig executor: local
Apr-27 23:15:55.245 [main] DEBUG nextflow.executor.ExecutorFactory - >> processorType: 'local'
Apr-27 23:15:55.268 [main] DEBUG nextflow.executor.Executor - [warm up] executor > local
Apr-27 23:15:55.281 [main] DEBUG n.processor.LocalPollingMonitor - Creating local task monitor for executor 'local' > cpus=8; memory=15.4 GB; capacity=8; pollInterval=100ms; dumpInterval=5m
Apr-27 23:15:55.284 [main] DEBUG n.processor.TaskPollingMonitor - >>> barrier register (monitor: local)
Apr-27 23:15:55.315 [main] DEBUG nextflow.processor.TaskProcessor - Creating process 'QC_TRIM': maxForks=0; fair=false; array=0
Apr-27 23:15:55.373 [main] DEBUG nextflow.executor.ExecutorFactory - << taskConfig executor: local
Apr-27 23:15:55.373 [main] DEBUG nextflow.executor.ExecutorFactory - >> processorType: 'local'
Apr-27 23:15:55.374 [main] DEBUG nextflow.processor.TaskProcessor - Creating process 'ASSEMBLY': maxForks=0; fair=false; array=0
Apr-27 23:15:55.379 [main] DEBUG nextflow.executor.ExecutorFactory - << taskConfig executor: local
Apr-27 23:15:55.379 [main] DEBUG nextflow.executor.ExecutorFactory - >> processorType: 'local'
Apr-27 23:15:55.380 [main] DEBUG nextflow.processor.TaskProcessor - Creating process 'POLISH': maxForks=0; fair=false; array=0
Apr-27 23:15:55.385 [main] DEBUG nextflow.executor.ExecutorFactory - << taskConfig executor: local
Apr-27 23:15:55.385 [main] DEBUG nextflow.executor.ExecutorFactory - >> processorType: 'local'
Apr-27 23:15:55.385 [main] DEBUG nextflow.processor.TaskProcessor - Creating process 'CHECKV': maxForks=0; fair=false; array=0
Apr-27 23:15:55.388 [main] DEBUG nextflow.executor.ExecutorFactory - << taskConfig executor: local
Apr-27 23:15:55.389 [main] DEBUG nextflow.executor.ExecutorFactory - >> processorType: 'local'
Apr-27 23:15:55.389 [main] DEBUG nextflow.processor.TaskProcessor - Creating process 'VIRAL_VERIFY': maxForks=0; fair=false; array=0
Apr-27 23:15:55.393 [main] DEBUG nextflow.executor.ExecutorFactory - << taskConfig executor: local
Apr-27 23:15:55.393 [main] DEBUG nextflow.executor.ExecutorFactory - >> processorType: 'local'
Apr-27 23:15:55.394 [main] DEBUG nextflow.processor.TaskProcessor - Creating process 'PHAROKKA': maxForks=0; fair=false; array=0
Apr-27 23:15:55.398 [main] DEBUG nextflow.executor.ExecutorFactory - << taskConfig executor: local
Apr-27 23:15:55.398 [main] DEBUG nextflow.executor.ExecutorFactory - >> processorType: 'local'
Apr-27 23:15:55.399 [main] DEBUG nextflow.processor.TaskProcessor - Creating process 'PHOLD': maxForks=0; fair=false; array=0
Apr-27 23:15:55.404 [main] DEBUG nextflow.executor.ExecutorFactory - << taskConfig executor: local
Apr-27 23:15:55.405 [main] DEBUG nextflow.executor.ExecutorFactory - >> processorType: 'local'
Apr-27 23:15:55.405 [main] DEBUG nextflow.processor.TaskProcessor - Creating process 'REPORT': maxForks=0; fair=false; array=0
Apr-27 23:15:55.428 [main] DEBUG nextflow.Session - Workflow process names [dsl2]: QC_TRIM, POLISH, ASSEMBLY, CHECKV, PHOLD, VIRAL_VERIFY, PHAROKKA, REPORT
Apr-27 23:15:55.431 [main] DEBUG nextflow.Session - Igniting dataflow network (9)
Apr-27 23:15:55.438 [main] DEBUG nextflow.processor.TaskProcessor - Starting process > QC_TRIM
Apr-27 23:15:55.439 [main] DEBUG nextflow.processor.TaskProcessor - Starting process > ASSEMBLY
Apr-27 23:15:55.440 [main] DEBUG nextflow.processor.TaskProcessor - Starting process > POLISH
Apr-27 23:15:55.440 [main] DEBUG nextflow.processor.TaskProcessor - Starting process > CHECKV
Apr-27 23:15:55.441 [main] DEBUG nextflow.processor.TaskProcessor - Starting process > VIRAL_VERIFY
Apr-27 23:15:55.441 [main] DEBUG nextflow.processor.TaskProcessor - Starting process > PHAROKKA
Apr-27 23:15:55.442 [main] DEBUG nextflow.processor.TaskProcessor - Starting process > PHOLD
Apr-27 23:15:55.443 [main] DEBUG nextflow.processor.TaskProcessor - Starting process > REPORT
Apr-27 23:15:55.444 [main] DEBUG nextflow.script.ScriptRunner - Parsed script files:
  Script_61ea16890fece698: /var/home/robs/project_VEO/main.nf
Apr-27 23:15:55.444 [main] DEBUG nextflow.script.ScriptRunner - > Awaiting termination 
Apr-27 23:15:55.444 [main] DEBUG nextflow.Session - Session await
Apr-27 23:15:55.530 [Actor Thread 5] DEBUG nextflow.conda.CondaCache - micromamba found local env for environment=./environment.yml; path=/var/home/robs/project_VEO/work/conda/env-a1ceb2e91471fdcd119a64d5259fb986
Apr-27 23:15:55.693 [Actor Thread 9] INFO  nextflow.processor.TaskProcessor - [1a/0c5373] Cached process > QC_TRIM (1)
Apr-27 23:15:55.719 [Actor Thread 3] INFO  nextflow.processor.TaskProcessor - [e8/d05b43] Cached process > ASSEMBLY (1)
Apr-27 23:15:55.725 [Actor Thread 3] DEBUG nextflow.util.ThreadPoolBuilder - Creating thread pool 'PublishDir' minSize=10; maxSize=24; workQueue=LinkedBlockingQueue[-1]; allowCoreThreadTimeout=false
Apr-27 23:15:55.734 [Actor Thread 6] INFO  nextflow.processor.TaskProcessor - [4e/39169b] Cached process > POLISH (1)
Apr-27 23:15:55.752 [Actor Thread 5] INFO  nextflow.processor.TaskProcessor - [f4/58cbf7] Cached process > CHECKV (1)
Apr-27 23:15:55.756 [Actor Thread 2] INFO  nextflow.processor.TaskProcessor - [4a/b05786] Cached process > VIRAL_VERIFY (1)
Apr-27 23:15:55.816 [Task submitter] DEBUG n.executor.local.LocalTaskHandler - Launch cmd line: /bin/bash -ue .command.run
Apr-27 23:15:55.818 [Task submitter] INFO  nextflow.Session - [44/6cc401] Submitted process > PHAROKKA (1)
